<?xml version="1.0" encoding="UTF-8"?>
<testng-results skipped="0" failed="0" ignored="0" total="6" passed="6">
  <reporter-output>
  </reporter-output>
  <suite name="Api test" duration-ms="12016" started-at="2020-10-14T02:59:49Z" finished-at="2020-10-14T03:00:01Z">
    <groups>
    </groups>
    <test name="Api Empty" duration-ms="3441" started-at="2020-10-14T02:59:49Z" finished-at="2020-10-14T02:59:52Z">
      <class name="academyapi.ResponseEmptyTest">
        <test-method status="PASS" signature="responseEmpty()[pri:0, instance:academyapi.ResponseEmptyTest@5e5792a0]" name="responseEmpty" duration-ms="3416" started-at="2020-10-14T02:59:49Z" finished-at="2020-10-14T02:59:52Z">
          <reporter-output>
          </reporter-output>
        </test-method> <!-- responseEmpty -->
      </class> <!-- academyapi.ResponseEmptyTest -->
    </test> <!-- Api Empty -->
    <test name="Create User Test" duration-ms="2180" started-at="2020-10-14T02:59:52Z" finished-at="2020-10-14T02:59:54Z">
      <class name="academyapi.CreateUserTest">
        <test-method status="PASS" signature="createUser()[pri:0, instance:academyapi.CreateUserTest@6eebc39e]" name="createUser" duration-ms="2173" started-at="2020-10-14T02:59:52Z" finished-at="2020-10-14T02:59:54Z">
          <reporter-output>
          </reporter-output>
        </test-method> <!-- createUser -->
      </class> <!-- academyapi.CreateUserTest -->
    </test> <!-- Create User Test -->
    <test name="Create User Test Negative Test" duration-ms="1085" started-at="2020-10-14T02:59:54Z" finished-at="2020-10-14T02:59:55Z">
      <class name="academyapi.CreateUserTestNegativeTest">
        <test-method status="PASS" signature="createUserTestNegativeTest()[pri:0, instance:academyapi.CreateUserTestNegativeTest@598067a5]" name="createUserTestNegativeTest" duration-ms="1074" started-at="2020-10-14T02:59:54Z" finished-at="2020-10-14T02:59:55Z">
          <reporter-output>
          </reporter-output>
        </test-method> <!-- createUserTestNegativeTest -->
      </class> <!-- academyapi.CreateUserTestNegativeTest -->
    </test> <!-- Create User Test Negative Test -->
    <test name="Create Jira Bug" duration-ms="1175" started-at="2020-10-14T02:59:55Z" finished-at="2020-10-14T02:59:57Z">
      <class name="academyapi.CreateJiraBug">
        <test-method status="PASS" signature="createBug()[pri:0, instance:academyapi.CreateJiraBug@42dafa95]" name="createBug" duration-ms="1170" started-at="2020-10-14T02:59:55Z" finished-at="2020-10-14T02:59:57Z">
          <reporter-output>
          </reporter-output>
        </test-method> <!-- createBug -->
      </class> <!-- academyapi.CreateJiraBug -->
    </test> <!-- Create Jira Bug -->
    <test name="Verify Jira Number" duration-ms="1912" started-at="2020-10-14T02:59:57Z" finished-at="2020-10-14T02:59:59Z">
      <class name="academyapi.VerifyJiraNumber">
        <test-method status="PASS" signature="verifyJiraNumber()[pri:0, instance:academyapi.VerifyJiraNumber@7085bdee]" name="verifyJiraNumber" duration-ms="1905" started-at="2020-10-14T02:59:57Z" finished-at="2020-10-14T02:59:59Z">
          <reporter-output>
          </reporter-output>
        </test-method> <!-- verifyJiraNumber -->
      </class> <!-- academyapi.VerifyJiraNumber -->
    </test> <!-- Verify Jira Number -->
    <test name="Create Jira Bug Mockapi" duration-ms="2050" started-at="2020-10-14T02:59:59Z" finished-at="2020-10-14T03:00:01Z">
      <class name="academyapi.CreateJiraBugMockapi">
        <test-method status="PASS" signature="createBugMockapi()[pri:0, instance:academyapi.CreateJiraBugMockapi@3f49dace]" name="createBugMockapi" duration-ms="2024" started-at="2020-10-14T02:59:59Z" finished-at="2020-10-14T03:00:01Z">
          <reporter-output>
          </reporter-output>
        </test-method> <!-- createBugMockapi -->
      </class> <!-- academyapi.CreateJiraBugMockapi -->
    </test> <!-- Create Jira Bug Mockapi -->
  </suite> <!-- Api test -->
</testng-results>
